e:\produture\projectt\bookexercise\3d游戏编程大师技巧\game\game\release\vc141.pdb
e:\produture\projectt\bookexercise\3d游戏编程大师技巧\game\game\release\quaternion.nativecodeanalysis.xml
e:\produture\projectt\bookexercise\3d游戏编程大师技巧\game\game\release\place.nativecodeanalysis.xml
e:\produture\projectt\bookexercise\3d游戏编程大师技巧\game\game\release\obbox.nativecodeanalysis.xml
e:\produture\projectt\bookexercise\3d游戏编程大师技巧\game\game\release\matrix.nativecodeanalysis.xml
e:\produture\projectt\bookexercise\3d游戏编程大师技巧\game\game\release\math.nativecodeanalysis.xml
e:\produture\projectt\bookexercise\3d游戏编程大师技巧\game\game\release\aabbox.nativecodeanalysis.xml
e:\produture\projectt\bookexercise\3d游戏编程大师技巧\game\game\release\main.nativecodeanalysis.xml
e:\produture\projectt\bookexercise\3d游戏编程大师技巧\game\game\release\sceneobjmrg.nativecodeanalysis.xml
e:\produture\projectt\bookexercise\3d游戏编程大师技巧\game\game\release\light.nativecodeanalysis.xml
e:\produture\projectt\bookexercise\3d游戏编程大师技巧\game\game\release\igameobject.nativecodeanalysis.xml
e:\produture\projectt\bookexercise\3d游戏编程大师技巧\game\game\release\icamera.nativecodeanalysis.xml
e:\produture\projectt\bookexercise\3d游戏编程大师技巧\game\game\release\staticquerymrg.nativecodeanalysis.xml
e:\produture\projectt\bookexercise\3d游戏编程大师技巧\game\game\release\logmodle.nativecodeanalysis.xml
e:\produture\projectt\bookexercise\3d游戏编程大师技巧\game\game\release\icore.nativecodeanalysis.xml
e:\produture\projectt\bookexercise\3d游戏编程大师技巧\game\game\release\s3tc.obj
e:\produture\projectt\bookexercise\3d游戏编程大师技巧\game\game\release\iactor.obj
e:\produture\projectt\bookexercise\3d游戏编程大师技巧\game\game\release\staticquerymrg.obj
e:\produture\projectt\bookexercise\3d游戏编程大师技巧\game\game\release\logmodle.obj
e:\produture\projectt\bookexercise\3d游戏编程大师技巧\game\game\release\icore.obj
e:\produture\projectt\bookexercise\3d游戏编程大师技巧\game\game\release\entitymgr.obj
e:\produture\projectt\bookexercise\3d游戏编程大师技巧\game\game\release\entity.obj
e:\produture\projectt\bookexercise\3d游戏编程大师技巧\game\game\release\chelper.obj
e:\produture\projectt\bookexercise\3d游戏编程大师技巧\game\game\release\timer.obj
e:\produture\projectt\bookexercise\3d游戏编程大师技巧\game\game\release\debug.obj
e:\produture\projectt\bookexercise\3d游戏编程大师技巧\game\game\release\xmlfile.obj
e:\produture\projectt\bookexercise\3d游戏编程大师技巧\game\game\release\utilstring.obj
e:\produture\projectt\bookexercise\3d游戏编程大师技巧\game\game\release\freadini.obj
e:\produture\projectt\bookexercise\3d游戏编程大师技巧\game\game\release\net_work.obj
e:\produture\projectt\bookexercise\3d游戏编程大师技巧\game\game\release\mesh.obj
e:\produture\projectt\bookexercise\3d游戏编程大师技巧\game\game\release\utiltool.obj
e:\produture\projectt\bookexercise\3d游戏编程大师技巧\game\game\release\quaternation.obj
e:\produture\projectt\bookexercise\3d游戏编程大师技巧\game\game\release\matrix.obj
e:\produture\projectt\bookexercise\3d游戏编程大师技巧\game\game\release\math.obj
e:\produture\projectt\bookexercise\3d游戏编程大师技巧\game\game\release\color.obj
e:\produture\projectt\bookexercise\3d游戏编程大师技巧\game\game\release\main.obj
e:\produture\projectt\bookexercise\3d游戏编程大师技巧\game\game\release\igameobject.obj
e:\produture\projectt\bookexercise\3d游戏编程大师技巧\game\game\release\icamera.obj
e:\produture\projectt\bookexercise\3d游戏编程大师技巧\game\game\release\game_lib.obj
e:\produture\projectt\bookexercise\3d游戏编程大师技巧\game\game\release\resloader.obj
e:\produture\projectt\bookexercise\3d游戏编程大师技巧\game\game\release\xmldocument.obj
e:\produture\projectt\bookexercise\3d游戏编程大师技巧\game\game\release\package.obj
e:\produture\projectt\bookexercise\3d游戏编程大师技巧\game\game\release\imagesource.obj
e:\produture\projectt\bookexercise\3d游戏编程大师技巧\game\game\release\dxtextprintwindows.obj
e:\produture\projectt\bookexercise\3d游戏编程大师技巧\game\game\release\dxintput.obj
e:\produture\projectt\bookexercise\3d游戏编程大师技巧\game\game\release\dxgraphdevice.obj
e:\produture\projectt\bookexercise\3d游戏编程大师技巧\game\game\release\app.obj
e:\produture\projectt\bookexercise\3d游戏编程大师技巧\game\game\release\rendervariable.obj
e:\produture\projectt\bookexercise\3d游戏编程大师技巧\game\game\release\thread.obj
e:\produture\projectt\bookexercise\3d游戏编程大师技巧\game\game\release\databuffer.obj
e:\produture\projectt\bookexercise\3d游戏编程大师技巧\game\game\release\quaternion.obj
e:\produture\projectt\bookexercise\3d游戏编程大师技巧\game\game\release\cvar_list.obj
e:\produture\projectt\bookexercise\3d游戏编程大师技巧\game\game\release\ilight.obj
e:\produture\projectt\bookexercise\3d游戏编程大师技巧\game\game\release\renderer.obj
e:\produture\projectt\bookexercise\3d游戏编程大师技巧\game\game\release\contextregister.obj
e:\produture\projectt\bookexercise\3d游戏编程大师技巧\game\game\release\context.obj
e:\produture\projectt\bookexercise\3d游戏编程大师技巧\game\game\release\string.obj
e:\produture\projectt\bookexercise\3d游戏编程大师技巧\game\game\release\log.obj
e:\produture\projectt\bookexercise\3d游戏编程大师技巧\game\game\release\sceneobject.obj
e:\produture\projectt\bookexercise\3d游戏编程大师技巧\game\game\release\scenemanager.obj
e:\produture\projectt\bookexercise\3d游戏编程大师技巧\game\game\release\renderlayout.obj
e:\produture\projectt\bookexercise\3d游戏编程大师技巧\game\game\release\material.obj
e:\produture\projectt\bookexercise\3d游戏编程大师技巧\game\game\release\renderable.obj
e:\produture\projectt\bookexercise\3d游戏编程大师技巧\game\game\release\itexture.obj
e:\produture\projectt\bookexercise\3d游戏编程大师技巧\game\game\release\game.tlog\cl.command.1.tlog
e:\produture\projectt\bookexercise\3d游戏编程大师技巧\game\game\release\game.tlog\cl.read.1.tlog
e:\produture\projectt\bookexercise\3d游戏编程大师技巧\game\game\release\game.tlog\cl.write.1.tlog
